\BOOKMARK [0][-]{chapter.1}{Introduction}{}% 1
\BOOKMARK [1][-]{section.1.1}{Motivation}{chapter.1}% 2
\BOOKMARK [1][-]{section.1.2}{Research Objective}{chapter.1}% 3
\BOOKMARK [1][-]{section.1.3}{About this thesis}{chapter.1}% 4
\BOOKMARK [0][-]{chapter.2}{Background}{}% 5
\BOOKMARK [1][-]{section.2.1}{Definition of terms}{chapter.2}% 6
\BOOKMARK [2][-]{subsection.2.1.1}{Deep Zoom Image Format}{section.2.1}% 7
\BOOKMARK [2][-]{subsection.2.1.2}{Microservice}{section.2.1}% 8
\BOOKMARK [2][-]{subsection.2.1.3}{Neural Network}{section.2.1}% 9
\BOOKMARK [1][-]{section.2.2}{Process Chain}{chapter.2}% 10
\BOOKMARK [2][-]{subsection.2.2.1}{Definition of Conversion Service}{section.2.2}% 11
\BOOKMARK [2][-]{subsection.2.2.2}{Definition of Annotation Service}{section.2.2}% 12
\BOOKMARK [2][-]{subsection.2.2.3}{Definition of Tessellation Service}{section.2.2}% 13
\BOOKMARK [0][-]{chapter.3}{Conversion Service}{}% 14
\BOOKMARK [1][-]{section.3.1}{Methodology}{chapter.3}% 15
\BOOKMARK [2][-]{subsection.3.1.1}{Creating a Deep Zoom Image}{section.3.1}% 16
\BOOKMARK [2][-]{subsection.3.1.2}{Deepzoom.py}{section.3.1}% 17
\BOOKMARK [2][-]{subsection.3.1.3}{VIPS}{section.3.1}% 18
\BOOKMARK [1][-]{section.3.2}{Implementation}{chapter.3}% 19
\BOOKMARK [1][-]{section.3.3}{Test}{chapter.3}% 20
\BOOKMARK [2][-]{subsection.3.3.1}{Setup}{section.3.3}% 21
\BOOKMARK [2][-]{subsection.3.3.2}{Result}{section.3.3}% 22
\BOOKMARK [0][-]{chapter.4}{Annotation Service}{}% 23
\BOOKMARK [1][-]{section.4.1}{Methodology}{chapter.4}% 24
\BOOKMARK [2][-]{subsection.4.1.1}{DICOM}{section.4.1}% 25
\BOOKMARK [1][-]{section.4.2}{Implementation}{chapter.4}% 26
\BOOKMARK [1][-]{section.4.3}{Test}{chapter.4}% 27
\BOOKMARK [2][-]{subsection.4.3.1}{Setup}{section.4.3}% 28
\BOOKMARK [2][-]{subsection.4.3.2}{Result}{section.4.3}% 29
\BOOKMARK [0][-]{chapter.5}{Tessellation Service}{}% 30
\BOOKMARK [1][-]{section.5.1}{Methodology}{chapter.5}% 31
\BOOKMARK [1][-]{section.5.2}{Implementation}{chapter.5}% 32
\BOOKMARK [1][-]{section.5.3}{Test}{chapter.5}% 33
\BOOKMARK [2][-]{subsection.5.3.1}{Setup}{section.5.3}% 34
\BOOKMARK [2][-]{subsection.5.3.2}{Result}{section.5.3}% 35
\BOOKMARK [0][-]{chapter.6}{Conclusion}{}% 36
\BOOKMARK [1][-]{section.6.1}{Results}{chapter.6}% 37
\BOOKMARK [1][-]{section.6.2}{Conclusion}{chapter.6}% 38
\BOOKMARK [1][-]{section.6.3}{Future tasks}{chapter.6}% 39
\BOOKMARK [0][-]{section*.3}{Appendices}{}% 40
\BOOKMARK [0][-]{Appendix.1.A}{Listing of Conversion Service Test Data}{}% 41
\BOOKMARK [1][-]{section.1.A.1}{Aperio \(.svs\)}{Appendix.1.A}% 42
\BOOKMARK [1][-]{section.1.A.2}{Generic Tiled tiff \(.tiff\)}{Appendix.1.A}% 43
\BOOKMARK [1][-]{section.1.A.3}{Hamamatsu \(.ndpi\)}{Appendix.1.A}% 44
\BOOKMARK [1][-]{section.1.A.4}{Hamamatsu \(.vms\)}{Appendix.1.A}% 45
\BOOKMARK [1][-]{section.1.A.5}{Leica \(.scn\)}{Appendix.1.A}% 46
\BOOKMARK [1][-]{section.1.A.6}{Mirax \(.mrxs\)}{Appendix.1.A}% 47
\BOOKMARK [1][-]{section.1.A.7}{Trestle \(.tiff\)}{Appendix.1.A}% 48
\BOOKMARK [1][-]{section.1.A.8}{Ventana \(.bif\)}{Appendix.1.A}% 49
\BOOKMARK [0][-]{chapter*.4}{Bibliography}{}% 50
\BOOKMARK [0][-]{chapter*.5}{List of Figures}{}% 51
\BOOKMARK [0][-]{chapter*.6}{List of Tables}{}% 52
